# JRE version: OpenJDK Runtime Environment (17.0.6) (build 17.0.6+0-b2043.56-10027231)
# Java VM: OpenJDK 64-Bit Server VM (17.0.6+0-b2043.56-10027231, mixed mode, tiered, compressed oops, compressed class ptrs, g1 gc, windows-amd64)
GC Precious Log:
 CPUs: 8 total, 8 available
 Memory: 7934M
 Large Page Support: Disabled
 NUMA Support: Disabled
 Compressed Oops: Enabled (32-bit)
 Heap Region Size: 1M
 Heap Min Capacity: 8M
 Heap Initial Capacity: 124M
 Heap Max Capacity: 2G
 Pre-touch: Disabled
 Parallel Workers: 8
 Concurrent Workers: 2
 Concurrent Refinement Workers: 8
 Periodic GC: Disabled
Heap:
 garbage-first heap   total 324608K, used 280576K [0x0000000080000000, 0x0000000100000000)
  region size 1024K, 2 young (2048K), 2 survivors (2048K)
 Metaspace       used 127727K, committed 128512K, reserved 1163264K
  class space    used 16896K, committed 17280K, reserved 1048576K
GC Heap History (20 events):
Event: 12.086 GC heap after
{Heap after GC invocations=28 (full 0):
 garbage-first heap   total 319488K, used 111247K [0x0000000080000000, 0x0000000100000000)
  region size 1024K, 12 young (12288K), 12 survivors (12288K)
 Metaspace       used 98159K, committed 98816K, reserved 1138688K
  class space    used 13460K, committed 13760K, reserved 1048576K
}
Event: 12.097 GC heap before
{Heap before GC invocations=28 (full 0):
 garbage-first heap   total 319488K, used 113295K [0x0000000080000000, 0x0000000100000000)
  region size 1024K, 15 young (15360K), 12 survivors (12288K)
 Metaspace       used 98159K, committed 98816K, reserved 1138688K
  class space    used 13460K, committed 13760K, reserved 1048576K
}
Event: 12.146 GC heap after
{Heap after GC invocations=29 (full 0):
 garbage-first heap   total 319488K, used 111343K [0x0000000080000000, 0x0000000100000000)
  region size 1024K, 2 young (2048K), 2 survivors (2048K)
 Metaspace       used 98159K, committed 98816K, reserved 1138688K
  class space    used 13460K, committed 13760K, reserved 1048576K
}
Event: 12.791 GC heap before
{Heap before GC invocations=29 (full 0):
 garbage-first heap   total 319488K, used 248559K [0x0000000080000000, 0x0000000100000000)
  region size 1024K, 137 young (140288K), 2 survivors (2048K)
 Metaspace       used 98429K, committed 99136K, reserved 1138688K
  class space    used 13499K, committed 13824K, reserved 1048576K
}
Event: 12.800 GC heap after
{Heap after GC invocations=30 (full 0):
 garbage-first heap   total 319488K, used 119726K [0x0000000080000000, 0x0000000100000000)
  region size 1024K, 11 young (11264K), 11 survivors (11264K)
 Metaspace       used 98429K, committed 99136K, reserved 1138688K
  class space    used 13499K, committed 13824K, reserved 1048576K
}
Event: 13.732 GC heap before
{Heap before GC invocations=30 (full 0):
 garbage-first heap   total 319488K, used 252846K [0x0000000080000000, 0x0000000100000000)
  region size 1024K, 140 young (143360K), 11 survivors (11264K)
 Metaspace       used 100341K, committed 101056K, reserved 1138688K
  class space    used 13786K, committed 14144K, reserved 1048576K
}
Event: 13.745 GC heap after
{Heap after GC invocations=31 (full 0):
 garbage-first heap   total 319488K, used 125231K [0x0000000080000000, 0x0000000100000000)
  region size 1024K, 8 young (8192K), 8 survivors (8192K)
 Metaspace       used 100341K, committed 101056K, reserved 1138688K
  class space    used 13786K, committed 14144K, reserved 1048576K
}
Event: 14.234 GC heap before
{Heap before GC invocations=31 (full 0):
 garbage-first heap   total 319488K, used 256303K [0x0000000080000000, 0x0000000100000000)
  region size 1024K, 136 young (139264K), 8 survivors (8192K)
 Metaspace       used 102662K, committed 103360K, reserved 1138688K
  class space    used 13982K, committed 14336K, reserved 1048576K
}
Event: 14.244 GC heap after
{Heap after GC invocations=32 (full 0):
 garbage-first heap   total 319488K, used 129743K [0x0000000080000000, 0x0000000100000000)
  region size 1024K, 12 young (12288K), 12 survivors (12288K)
 Metaspace       used 102662K, committed 103360K, reserved 1138688K
  class space    used 13982K, committed 14336K, reserved 1048576K
}
Event: 15.891 GC heap before
{Heap before GC invocations=32 (full 0):
 garbage-first heap   total 319488K, used 269007K [0x0000000080000000, 0x0000000100000000)
  region size 1024K, 139 young (142336K), 12 survivors (12288K)
 Metaspace       used 112068K, committed 112832K, reserved 1146880K
  class space    used 14879K, committed 15296K, reserved 1048576K
}
Event: 15.910 GC heap after
{Heap after GC invocations=33 (full 0):
 garbage-first heap   total 319488K, used 154376K [0x0000000080000000, 0x0000000100000000)
  region size 1024K, 18 young (18432K), 18 survivors (18432K)
 Metaspace       used 112068K, committed 112832K, reserved 1146880K
  class space    used 14879K, committed 15296K, reserved 1048576K
}
Event: 17.225 GC heap before
{Heap before GC invocations=33 (full 0):
 garbage-first heap   total 319488K, used 255752K [0x0000000080000000, 0x0000000100000000)
  region size 1024K, 115 young (117760K), 18 survivors (18432K)
 Metaspace       used 123642K, committed 124352K, reserved 1163264K
  class space    used 16343K, committed 16704K, reserved 1048576K
}
Event: 17.243 GC heap after
{Heap after GC invocations=34 (full 0):
 garbage-first heap   total 319488K, used 168956K [0x0000000080000000, 0x0000000100000000)
  region size 1024K, 12 young (12288K), 12 survivors (12288K)
 Metaspace       used 123642K, committed 124352K, reserved 1163264K
  class space    used 16343K, committed 16704K, reserved 1048576K
}
Event: 17.997 GC heap before
{Heap before GC invocations=34 (full 0):
 garbage-first heap   total 319488K, used 258044K [0x0000000080000000, 0x0000000100000000)
  region size 1024K, 99 young (101376K), 12 survivors (12288K)
 Metaspace       used 127642K, committed 128448K, reserved 1163264K
  class space    used 16896K, committed 17280K, reserved 1048576K
}
Event: 18.031 GC heap after
{Heap after GC invocations=35 (full 0):
 garbage-first heap   total 324608K, used 222583K [0x0000000080000000, 0x0000000100000000)
  region size 1024K, 13 young (13312K), 13 survivors (13312K)
 Metaspace       used 127642K, committed 128448K, reserved 1163264K
  class space    used 16896K, committed 17280K, reserved 1048576K
}
Event: 18.158 GC heap before
{Heap before GC invocations=35 (full 0):
 garbage-first heap   total 324608K, used 266615K [0x0000000080000000, 0x0000000100000000)
  region size 1024K, 56 young (57344K), 13 survivors (13312K)
 Metaspace       used 127727K, committed 128512K, reserved 1163264K
  class space    used 16896K, committed 17280K, reserved 1048576K
}
Event: 18.179 GC heap after
{Heap after GC invocations=36 (full 0):
 garbage-first heap   total 324608K, used 253440K [0x0000000080000000, 0x0000000100000000)
  region size 1024K, 7 young (7168K), 7 survivors (7168K)
 Metaspace       used 127727K, committed 128512K, reserved 1163264K
  class space    used 16896K, committed 17280K, reserved 1048576K
}
Event: 18.247 GC heap before
{Heap before GC invocations=36 (full 0):
 garbage-first heap   total 324608K, used 269824K [0x0000000080000000, 0x0000000100000000)
  region size 1024K, 23 young (23552K), 7 survivors (7168K)
 Metaspace       used 127727K, committed 128512K, reserved 1163264K
  class space    used 16896K, committed 17280K, reserved 1048576K
}
Event: 18.260 GC heap after
{Heap after GC invocations=37 (full 0):
 garbage-first heap   total 324608K, used 270336K [0x0000000080000000, 0x0000000100000000)
  region size 1024K, 3 young (3072K), 3 survivors (3072K)
 Metaspace       used 127727K, committed 128512K, reserved 1163264K
  class space    used 16896K, committed 17280K, reserved 1048576K
}
Event: 18.312 GC heap before
{Heap before GC invocations=37 (full 0):
 garbage-first heap   total 324608K, used 282624K [0x0000000080000000, 0x0000000100000000)
  region size 1024K, 15 young (15360K), 3 survivors (3072K)
 Metaspace       used 127727K, committed 128512K, reserved 1163264K
  class space    used 16896K, committed 17280K, reserved 1048576K
}

